[2026-01-04T15:58:04.826Z] 🚀 Starting Find Date Search for Service 1
[2026-01-04T15:58:04.828Z] Found 3 responsibles: FLAVIO COSTA (technician), FELIPE COSTA (technician), EQUIPE PINTURA (team)
[2026-01-04T16:00:25.721Z] 🚀 Starting Find Date Search for Service 1
[2026-01-04T16:00:25.722Z] Found 1 responsibles: EQUIPE PINTURA (team)
[2026-01-04T16:08:01.827Z] 🚀 Starting Find Date Search for Service 1
[2026-01-04T16:08:01.828Z] Found 3 responsibles: FLAVIO COSTA (technician), FELIPE COSTA (technician), EQUIPE PINTURA (team)
[2026-01-04T16:10:34.460Z] 🚀 Starting Find Date Search for Service 1
[2026-01-04T16:10:34.468Z] Found 3 responsibles: FLAVIO COSTA (technician), FELIPE COSTA (technician), EQUIPE PINTURA (team)
[2026-01-04T16:29:17.286Z] 🚀 Starting Find Date Search for Service 1
[2026-01-04T16:29:17.287Z] Found 3 responsibles: FLAVIO COSTA (technician), FELIPE COSTA (technician), EQUIPE PINTURA (team)
[2026-01-04T16:38:48.177Z] 🚀 Starting Find Date Search for Service 1
[2026-01-04T16:38:48.178Z] Found 3 responsibles: FLAVIO COSTA (technician), FELIPE COSTA (technician), EQUIPE PINTURA (team)
[2026-01-04T17:00:34.642Z] 🚀 Starting Find Date Search for Service 1
[2026-01-04T17:00:34.644Z] Found 3 responsibles: FLAVIO COSTA (technician), FELIPE COSTA (technician), EQUIPE PINTURA (team)
[2026-01-06T23:09:01.554Z] 🚀 Starting Find Date Search for Service 1
[2026-01-06T23:09:01.562Z] Found 3 responsibles: FLAVIO COSTA (technician), FELIPE COSTA (technician), EQUIPE PINTURA (team)
[2026-04-03T20:34:43.909Z] 🚀 Starting Find Date Search for Service 1
[2026-04-03T20:34:43.917Z] Found 6 responsibles: FLAVIO COSTA (technician), FELIPE COSTA (technician), Andeson Silva (technician), Teste Prestador (technician), Lucas (technician), EQUIPE PINTURA (team)
[2026-04-03T21:12:45.023Z] 🚀 Starting Find Date Search for Service 1
[2026-04-03T21:12:45.025Z] Found 4 responsibles: FLAVIO COSTA (technician), FELIPE COSTA (technician), Lucas (technician), EQUIPE PINTURA (team)
[2026-04-03T21:14:04.634Z] 🚀 Starting Find Date Search for Service 1
[2026-04-03T21:14:04.635Z] Found 4 responsibles: FLAVIO COSTA (technician), FELIPE COSTA (technician), Lucas (technician), EQUIPE PINTURA (team)
[2026-04-03T21:20:52.984Z] 🚀 Starting Find Date Search for Service 1
[2026-04-03T21:20:52.985Z] Found 4 responsibles: FLAVIO COSTA (technician), FELIPE COSTA (technician), Lucas (technician), EQUIPE PINTURA (team)
[2026-04-03T22:18:38.570Z] 🚀 Starting Find Date Search for Service 1
[2026-04-03T22:18:38.571Z] Found 4 responsibles: FLAVIO COSTA (technician), FELIPE COSTA (technician), Lucas (technician), EQUIPE PINTURA (team)
